=== Carpet Gen2 PC (i7-1165G7) MBE ===
A_H3=0.75, D_CARP=1.5
N=64 clusters, C(N,3)=41664 trimers
Initial cache size: 0 entries
Unique classes: mono=1, pairs=80, trimers=1960
New QC needed: 80 pairs, 1960 trimers
ETA: 99.3 h

--- Phase 2a: Monomer energies ---

--- Phase 2b: Pair de2 (80 unique classes) ---
  Already cached: 0/80
  pair 1/80 t=35s
  pair 11/80 t=987s
  pair 21/80 t=2107s
  pair 31/80 t=3339s
  pair 41/80 t=4290s
  pair 51/80 t=5495s
  pair 61/80 t=6757s
  pair 71/80 t=7953s

--- Phase 2c: Trimer de3 (1960 unique classes) ---
  Already cached: 0/1960
  trimer 20/1960 computed t=18274s eta=492.4h
  trimer 40/1960 computed t=23758s eta=316.8h
